<?xml version="1.0" encoding="UTF-8"?>
<testng-results ignored="0" total="2" passed="2" failed="0" skipped="0">
  <reporter-output>
  </reporter-output>
  <suite started-at="2024-01-20T00:07:53 EST" name="Default suite" finished-at="2024-01-20T00:08:37 EST" duration-ms="43744">
    <groups>
    </groups>
    <test started-at="2024-01-20T00:07:53 EST" name="Default test" finished-at="2024-01-20T00:08:37 EST" duration-ms="43744">
      <class name="com.lambdatest.AssignmentChallengeWindows">
        <test-method is-config="true" signature="setup(java.lang.reflect.Method,org.testng.ITestContext)[pri:0, instance:com.lambdatest.AssignmentChallengeWindows@383bfa16]" started-at="2024-01-20T00:07:53 EST" name="setup" finished-at="2024-01-20T00:08:02 EST" duration-ms="8657" status="PASS">
          <params>
            <param index="0">
              <value>
                <![CDATA[public void com.lambdatest.AssignmentChallengeWindows.basicTest() throws java.lang.InterruptedException]]>
              </value>
            </param>
            <param index="1">
              <value>
                <![CDATA[org.testng.TestRunner@548d5ed3]]>
              </value>
            </param>
          </params>
          <reporter-output>
          </reporter-output>
        </test-method> <!-- setup -->
        <test-method signature="basicTest()[pri:0, instance:com.lambdatest.AssignmentChallengeWindows@383bfa16]" started-at="2024-01-20T00:08:02 EST" name="basicTest" finished-at="2024-01-20T00:08:14 EST" duration-ms="12002" status="PASS">
          <reporter-output>
          </reporter-output>
        </test-method> <!-- basicTest -->
        <test-method is-config="true" signature="tearDown()[pri:0, instance:com.lambdatest.AssignmentChallengeWindows@383bfa16]" started-at="2024-01-20T00:08:14 EST" name="tearDown" finished-at="2024-01-20T00:08:16 EST" duration-ms="1727" status="PASS">
          <reporter-output>
          </reporter-output>
        </test-method> <!-- tearDown -->
      </class> <!-- com.lambdatest.AssignmentChallengeWindows -->
      <class name="com.lambdatest.AssignmentChallengeWindows2">
        <test-method is-config="true" signature="setup(java.lang.reflect.Method,org.testng.ITestContext)[pri:0, instance:com.lambdatest.AssignmentChallengeWindows2@c88a337]" started-at="2024-01-20T00:08:16 EST" name="setup" finished-at="2024-01-20T00:08:23 EST" duration-ms="7572" status="PASS">
          <params>
            <param index="0">
              <value>
                <![CDATA[public void com.lambdatest.AssignmentChallengeWindows2.basicTest() throws java.lang.InterruptedException]]>
              </value>
            </param>
            <param index="1">
              <value>
                <![CDATA[org.testng.TestRunner@548d5ed3]]>
              </value>
            </param>
          </params>
          <reporter-output>
          </reporter-output>
        </test-method> <!-- setup -->
        <test-method signature="basicTest()[pri:0, instance:com.lambdatest.AssignmentChallengeWindows2@c88a337]" started-at="2024-01-20T00:08:23 EST" name="basicTest" finished-at="2024-01-20T00:08:35 EST" duration-ms="11975" status="PASS">
          <reporter-output>
          </reporter-output>
        </test-method> <!-- basicTest -->
        <test-method is-config="true" signature="tearDown()[pri:0, instance:com.lambdatest.AssignmentChallengeWindows2@c88a337]" started-at="2024-01-20T00:08:35 EST" name="tearDown" finished-at="2024-01-20T00:08:37 EST" duration-ms="1749" status="PASS">
          <reporter-output>
          </reporter-output>
        </test-method> <!-- tearDown -->
      </class> <!-- com.lambdatest.AssignmentChallengeWindows2 -->
    </test> <!-- Default test -->
  </suite> <!-- Default suite -->
</testng-results>
